c:\fury\dx fury\miscvisualstudio\release\vc120.pdb
c:\fury\dx fury\miscvisualstudio\release\input.obj
c:\fury\dx fury\miscvisualstudio\release\renderwindow.obj
c:\fury\dx fury\miscvisualstudio\release\scene.obj
c:\fury\dx fury\miscvisualstudio\release\source.obj
c:\fury\dx fury\miscvisualstudio\release\eventmaster.obj
c:\fury\dx fury\miscvisualstudio\release\immediateio.obj
c:\fury\dx fury\miscvisualstudio\release\mesh.obj
c:\fury\dx fury\miscvisualstudio\release\shader.obj
c:\fury\dx fury\miscvisualstudio\release\window.obj
c:\fury\dx fury\miscvisualstudio\release\directx.obj
c:\fury\dx fury\miscvisualstudio\release\camera.obj
c:\fury\dx fury\miscvisualstudio\release\matrixd.obj
c:\fury\dx fury\release\miscvisualstudio.exe
c:\fury\dx fury\release\miscvisualstudio.pdb
c:\fury\dx fury\miscvisualstudio\release\movable.obj
c:\fury\dx fury\miscvisualstudio\release\transformable.obj
c:\fury\dx fury\miscvisualstudio\release\util.obj
c:\fury\dx fury\miscvisualstudio\release\vertex.obj
c:\fury\dx fury\miscvisualstudio\release\miscvisualstudio.tlog\cl.command.1.tlog
c:\fury\dx fury\miscvisualstudio\release\miscvisualstudio.tlog\cl.read.1.tlog
c:\fury\dx fury\miscvisualstudio\release\miscvisualstudio.tlog\cl.write.1.tlog
c:\fury\dx fury\miscvisualstudio\release\miscvisualstudio.tlog\link.command.1.tlog
c:\fury\dx fury\miscvisualstudio\release\miscvisualstudio.tlog\link.read.1.tlog
c:\fury\dx fury\miscvisualstudio\release\miscvisualstudio.tlog\link.write.1.tlog
