Build started 29/06/2015 14:56:04.
     1>Project "C:\Fury\DX%20Fury\MiscVisualStudio\MiscVisualStudio.vcxproj" on node 2 (Build target(s)).
     1>ClCompile:
         C:\Program Files (x86)\Microsoft Visual Studio 14.0\VC\bin\CL.exe /c /ZI /nologo /W4 /WX- /MP /Od /Oy- /D WIN32 /D _CRT_SECURE_NO_WARNINGS /D _DEBUG /D _CONSOLE /D _UNICODE /D UNICODE /Gm- /EHsc /RTC1 /MDd /GS /fp:precise /Zc:wchar_t /Zc:forScope /Zc:inline /Fo"Debug\\" /Fd"Debug\vc140.pdb" /FR"Debug\\" /Gd /TP /analyze- /errorReport:prompt matrixd.cpp
         matrixd.cpp
       Link:
         C:\Program Files (x86)\Microsoft Visual Studio 14.0\VC\bin\link.exe /ERRORREPORT:PROMPT /OUT:"C:\Fury\DX%20Fury\Debug\Fury.exe" /INCREMENTAL /NOLOGO kernel32.lib user32.lib gdi32.lib winspool.lib comdlg32.lib advapi32.lib shell32.lib ole32.lib oleaut32.lib uuid.lib odbc32.lib odbccp32.lib /MANIFEST /MANIFESTUAC:"level='asInvoker' uiAccess='false'" /manifest:embed /Debug /PDB:"C:\Fury\DX%20Fury\Debug\Fury.pdb" /SUBSYSTEM:WINDOWS /TLBID:1 /DYNAMICBASE /NXCOMPAT /IMPLIB:"C:\Fury\DX%20Fury\Debug\Fury.lib" /MACHINE:X86 Debug\camera.obj
         Debug\Console.obj
         Debug\directx.obj
         Debug\eventmaster.obj
         Debug\ImmediateIO.obj
         Debug\input.obj
         Debug\matrixd.obj
         Debug\mesh.obj
         Debug\movable.obj
         Debug\raycasting.obj
         Debug\renderwindow.obj
         Debug\scene.obj
         Debug\shader.obj
         Debug\Source.obj
         Debug\texture.obj
         Debug\transformable.obj
         Debug\util.obj
         Debug\vertex.obj
         Debug\window.obj
         MiscVisualStudio.vcxproj -> C:\Fury\DX%20Fury\Debug\Fury.exe
       BscMake:
         C:\Program Files (x86)\Microsoft Visual Studio 14.0\VC\bin\bscmake.exe /nologo /o"C:\Fury\DX%20Fury\Debug\Fury.bsc" /n Debug\camera.sbr Debug\Console.sbr Debug\directx.sbr Debug\eventmaster.sbr Debug\ImmediateIO.sbr Debug\input.sbr Debug\matrixd.sbr Debug\mesh.sbr Debug\movable.sbr Debug\raycasting.sbr Debug\renderwindow.sbr Debug\scene.sbr Debug\shader.sbr Debug\Source.sbr Debug\texture.sbr Debug\transformable.sbr Debug\util.sbr Debug\vertex.sbr Debug\window.sbr
     1>Done Building Project "C:\Fury\DX%20Fury\MiscVisualStudio\MiscVisualStudio.vcxproj" (Build target(s)).

Build succeeded.

Time Elapsed 00:00:16.13
