c:\fury\dx fury\debug\miscvisualstudio.bsc
c:\fury\dx fury\miscvisualstudio\debug\console.sbr
c:\fury\dx fury\miscvisualstudio\debug\console.obj
c:\fury\dx fury\miscvisualstudio\debug\eventmaster.sbr
c:\fury\dx fury\miscvisualstudio\debug\eventmaster.obj
c:\fury\dx fury\miscvisualstudio\debug\input.sbr
c:\fury\dx fury\miscvisualstudio\debug\input.obj
c:\fury\dx fury\miscvisualstudio\debug\movable.sbr
c:\fury\dx fury\miscvisualstudio\debug\movable.obj
c:\fury\dx fury\miscvisualstudio\debug\renderwindow.sbr
c:\fury\dx fury\miscvisualstudio\debug\renderwindow.obj
c:\fury\dx fury\miscvisualstudio\debug\shader.sbr
c:\fury\dx fury\miscvisualstudio\debug\shader.obj
c:\fury\dx fury\miscvisualstudio\debug\texture.sbr
c:\fury\dx fury\miscvisualstudio\debug\texture.obj
c:\fury\dx fury\miscvisualstudio\debug\window.sbr
c:\fury\dx fury\miscvisualstudio\debug\window.obj
c:\fury\dx fury\miscvisualstudio\debug\camera.sbr
c:\fury\dx fury\miscvisualstudio\debug\camera.obj
c:\fury\dx fury\miscvisualstudio\debug\directx.sbr
c:\fury\dx fury\miscvisualstudio\debug\directx.obj
c:\fury\dx fury\miscvisualstudio\debug\immediateio.sbr
c:\fury\dx fury\miscvisualstudio\debug\immediateio.obj
c:\fury\dx fury\miscvisualstudio\debug\matrixd.sbr
c:\fury\dx fury\miscvisualstudio\debug\matrixd.obj
c:\fury\dx fury\miscvisualstudio\debug\mesh.sbr
c:\fury\dx fury\miscvisualstudio\debug\mesh.obj
c:\fury\dx fury\miscvisualstudio\debug\scene.sbr
c:\fury\dx fury\miscvisualstudio\debug\scene.obj
c:\fury\dx fury\miscvisualstudio\debug\source.sbr
c:\fury\dx fury\miscvisualstudio\debug\source.obj
c:\fury\dx fury\miscvisualstudio\debug\transformable.sbr
c:\fury\dx fury\miscvisualstudio\debug\transformable.obj
c:\fury\dx fury\miscvisualstudio\debug\util.sbr
c:\fury\dx fury\miscvisualstudio\debug\util.obj
c:\fury\dx fury\miscvisualstudio\debug\vertex.sbr
c:\fury\dx fury\miscvisualstudio\debug\vertex.obj
c:\fury\dx fury\miscvisualstudio\debug\vc140.pdb
c:\fury\dx fury\debug\miscvisualstudio.ilk
c:\fury\dx fury\debug\miscvisualstudio.exe
c:\fury\dx fury\debug\miscvisualstudio.pdb
c:\fury\dx fury\miscvisualstudio\debug\vc140.idb
c:\fury\dx fury\miscvisualstudio\debug\miscvisualstudio.tlog\bscmake.command.1.tlog
c:\fury\dx fury\miscvisualstudio\debug\miscvisualstudio.tlog\bscmake.read.1.tlog
c:\fury\dx fury\miscvisualstudio\debug\miscvisualstudio.tlog\bscmake.write.1.tlog
c:\fury\dx fury\miscvisualstudio\debug\miscvisualstudio.tlog\cl.command.1.tlog
c:\fury\dx fury\miscvisualstudio\debug\miscvisualstudio.tlog\cl.read.1.tlog
c:\fury\dx fury\miscvisualstudio\debug\miscvisualstudio.tlog\cl.write.1.tlog
c:\fury\dx fury\miscvisualstudio\debug\miscvisualstudio.tlog\link.command.1.tlog
c:\fury\dx fury\miscvisualstudio\debug\miscvisualstudio.tlog\link.read.1.tlog
c:\fury\dx fury\miscvisualstudio\debug\miscvisualstudio.tlog\link.write.1.tlog
